\BOOKMARK [0][-]{section*.2}{Optical Coherence Tomography: \040Mitigation of Scattering Using DSP Techniques}{}% 2
\BOOKMARK [1][-]{section*.1}{Abstract}{section*.2}% 1
\BOOKMARK [1][-]{section*.3}{Contents}{section*.2}% 3
\BOOKMARK [0][-]{section*.3}{Contents}{}% 4
\BOOKMARK [1][-]{section*.4}{List of Figures}{section*.3}% 5
\BOOKMARK [0][-]{section*.4}{List of Figures}{}% 6
\BOOKMARK [1][-]{section*.5}{List of Tables}{section*.4}% 7
\BOOKMARK [0][-]{section*.5}{List of Tables}{}% 8
\BOOKMARK [1][-]{section*.6}{ Introduction}{section*.5}% 9
\BOOKMARK [1][-]{section*.7}{OCT Identified Problem and Suggested Solution}{section*.5}% 10
\BOOKMARK [2][-]{section*.8}{ The Problem of Speckle Noise}{section*.7}% 11
\BOOKMARK [2][-]{section*.9}{ Possible Solutions for Speckle Noise}{section*.7}% 12
\BOOKMARK [1][-]{section*.10}{ OCT Image Aquisition and Preparation}{section*.5}% 13
\BOOKMARK [2][-]{section*.11}{ Aquiring and Visualizing OCT Images}{section*.10}% 14
\BOOKMARK [2][-]{section*.12}{ Slicing and Preparing a 2D Image for Processing}{section*.10}% 15
\BOOKMARK [1][-]{section*.13}{ Scope of DSP Methods Used}{section*.5}% 16
\BOOKMARK [2][-]{section*.14}{ Wiener Filter}{section*.13}% 17
\BOOKMARK [2][-]{section*.15}{ Enhanced Lee Filter}{section*.13}% 18
\BOOKMARK [1][-]{section*.16}{ Conclusion}{section*.5}% 19
\BOOKMARK [1][-]{section*.17}{References}{section*.5}% 20
