This is pdfTeX, Version 3.14159265-2.6-1.40.18 (MiKTeX 2.9.6350 64-bit) (preloaded format=pdflatex 2017.9.7)  21 APR 2018 14:57
entering extended mode
**./apssamp.tex
(apssamp.tex
LaTeX2e <2017-04-15>
Babel <3.10> and hyphenation patterns for 75 language(s) loaded.
("C:\Program Files\MiKTeX 2.9\tex\latex\revtex\revtex4-1.cls"
Document Class: revtex4-1 2010/07/25/20:33:00 4.1r (http://publish.aps.org/revt
ex4/ for documentation)
 Copyright (c) 2009 The American Physical Society.
 mailto:revtex@aps.org
 Licensed under the LPPL:
http://www.ctan.org/tex-archive/macros/latex/base/lppl.txt
 Arthur Ogawa <arthur_ogawa at sbcglobal dot net>
 Based on work by David Carlisle <david at dcarlisle.demon.co.uk>.
ltxutil[2010/07/25/20:33:00 4.1r utilities package (portions licensed from W. E
. Baxter web at superscript.com)]
LaTeX Info: Redefining \@centercr on input line 308.
Class revtex4-1 Info: Repairing broken LaTeX eqnarray on input line 358.
\eqncolsep=\skip41
Class revtex4-1 Info: Repairing hyperref-unfriendly LaTeX definition of \mpfoot
note on input line 433.
Class revtex4-1 Info: Repairing broken LateX \@sect on input line 755.
\intertabularlinepenalty=\count79
\@tbpen=\count80
\@arstrutbox@hline=\box26
Class revtex4-1 Info: Repairing broken LaTeX \@xbitor on input line 1786.
Class revtex4-1 Info: Making \typeout \long on input line 2046.
ltxfront[2010/07/25/20:33:00 4.1r frontmatter package (AO,DPC)]
\c@affil=\count81
\c@collab=\count82
\absbox=\box27
ltxgrid[2010/07/25/20:33:00 4.1r page grid package (portions licensed from W. E
. Baxter web at superscript.com)]
\c@linecount=\count83
\output@latex=\toks14
\box@size@1=\box28
\box@size@2=\box29
\@protection@box=\box30
\@topmark@saved=\toks15
\footins@saved=\box31
\footins@recovered=\box32
\column@recovered=\box33
\pagesofar=\box34
\footsofar=\box35
\pagegrid@col=\count84
Class revtex4-1 Info: Overriding \@vspace, \@vspacer, \@no@pgbk, \@newline, and
 \\  on input line 5578.
\c@part=\count85
\c@section=\count86
\c@subsection=\count87
\c@subsubsection=\count88
\c@paragraph=\count89
\c@subparagraph=\count90
\abovecaptionskip=\skip42
\belowcaptionskip=\skip43
\c@figure=\count91
\fbox@1=\box36
\c@table=\count92
\fbox@2=\box37
\c@video=\count93
\fbox@4=\box38
\@bibdataout=\write3
\widetext@top=\box39
\widetext@bot=\box40
Class revtex4-1 Info: Selecting society aps on input line 7542.
("C:\Program Files\MiKTeX 2.9\tex\latex\revtex\aps4-1.rtx"
File: aps4-1 2010/07/25/20:33:00 4.1r (http://publish.aps.org/revtex4/ for docu
mentation)
Class revtex4-1 Info: RevTeX society APS selected on input line 31.
)
Class revtex4-1 Info: Selecting journal pra on input line 7544.
Class revtex4-1 Info: APS journal PRA selected on input line 7545.

("C:\Program Files\MiKTeX 2.9\tex\latex\revtex\aps10pt4-1.rtx"
File: aps10pt4-1 2010/07/25/20:33:00 4.1r (http://publish.aps.org/revtex4/ for 
documentation)
Class revtex4-1 Info: RevTeX pointsize 10pt selected on input line 30.
)
("C:\Program Files\MiKTeX 2.9\tex\latex\textcase\textcase.sty"
Package: textcase 2004/10/07 v0.07 Text only upper/lower case changing (DPC)
)
("C:\Program Files\MiKTeX 2.9\tex\latex\amsfonts\amssymb.sty"
Package: amssymb 2013/01/14 v3.01 AMS font symbols

("C:\Program Files\MiKTeX 2.9\tex\latex\amsfonts\amsfonts.sty"
Package: amsfonts 2013/01/14 v3.01 Basic AMSFonts support
\@emptytoks=\toks16
\symAMSa=\mathgroup4
\symAMSb=\mathgroup5
LaTeX Font Info:    Overwriting math alphabet `\mathfrak' in version `bold'
(Font)                  U/euf/m/n --> U/euf/b/n on input line 106.
))
("C:\Program Files\MiKTeX 2.9\tex\latex\amsmath\amsmath.sty"
Package: amsmath 2016/11/05 v2.16a AMS math features
\@mathmargin=\skip44

For additional information on amsmath, use the `?' option.
("C:\Program Files\MiKTeX 2.9\tex\latex\amsmath\amstext.sty"
Package: amstext 2000/06/29 v2.01 AMS text

("C:\Program Files\MiKTeX 2.9\tex\latex\amsmath\amsgen.sty"
File: amsgen.sty 1999/11/30 v2.0 generic functions
\@emptytoks=\toks17
\ex@=\dimen102
)
LaTeX Info: Redefining \text on input line 28.
)
("C:\Program Files\MiKTeX 2.9\tex\latex\amsmath\amsbsy.sty"
Package: amsbsy 1999/11/29 v1.2d Bold Symbols
\pmbraise@=\dimen103
)
("C:\Program Files\MiKTeX 2.9\tex\latex\amsmath\amsopn.sty"
Package: amsopn 2016/03/08 v2.02 operator names
)
\inf@bad=\count94
LaTeX Info: Redefining \frac on input line 213.
\uproot@=\count95
\leftroot@=\count96
LaTeX Info: Redefining \overline on input line 375.
\classnum@=\count97
\DOTSCASE@=\count98
LaTeX Info: Redefining \ldots on input line 472.
LaTeX Info: Redefining \dots on input line 475.
LaTeX Info: Redefining \cdots on input line 596.
\Mathstrutbox@=\box41
\strutbox@=\box42
\big@size=\dimen104
LaTeX Font Info:    Redeclaring font encoding OML on input line 712.
LaTeX Font Info:    Redeclaring font encoding OMS on input line 713.
\macc@depth=\count99
\c@MaxMatrixCols=\count100
\dotsspace@=\muskip10
\c@parentequation=\count101
\dspbrk@lvl=\count102
\tag@help=\toks18
\row@=\count103
\column@=\count104
\maxfields@=\count105
\andhelp@=\toks19
\eqnshift@=\dimen105
\alignsep@=\dimen106
\tagshift@=\dimen107
\tagwidth@=\dimen108
\totwidth@=\dimen109
\lineht@=\dimen110
\@envbody=\toks20
\multlinegap=\skip45
\multlinetaggap=\skip46
\mathdisplay@stack=\toks21
LaTeX Info: Redefining \[ on input line 2817.
LaTeX Info: Redefining \] on input line 2818.
)
("C:\Program Files\MiKTeX 2.9\tex\latex\url\url.sty"
\Urlmuskip=\muskip11
Package: url 2013/09/16  ver 3.4  Verb mode for urls, etc.
)
("C:\Program Files\MiKTeX 2.9\tex\latex\natbib\natbib.sty"
Package: natbib 2010/09/13 8.31b (PWD, AO)
\bibhang=\skip47
\bibsep=\skip48
LaTeX Info: Redefining \cite on input line 694.
\c@NAT@ctr=\count106
)
Class revtex4-1 Info: Repairing natbib's \BibitemShut on input line 7549.

("C:\Program Files\MiKTeX 2.9\tex\latex\revtex\revsymb4-1.sty"
Package: revsymb4-1 2010/07/25/20:33:00 4.1r (http://publish.aps.org/revtex4/ f
or documentation)
LaTeX Info: Redefining \frak on input line 95.
LaTeX Info: Redefining \Bbb on input line 111.
LaTeX Info: Redefining \REV@mathfrak on input line 119.
))
("C:\Program Files\MiKTeX 2.9\tex\latex\graphics\graphicx.sty"
Package: graphicx 2014/10/28 v1.0g Enhanced LaTeX Graphics (DPC,SPQR)

("C:\Program Files\MiKTeX 2.9\tex\latex\graphics\keyval.sty"
Package: keyval 2014/10/28 v1.15 key=value parser (DPC)
\KV@toks@=\toks22
)
("C:\Program Files\MiKTeX 2.9\tex\latex\graphics\graphics.sty"
Package: graphics 2017/04/14 v1.1b Standard LaTeX Graphics (DPC,SPQR)

("C:\Program Files\MiKTeX 2.9\tex\latex\graphics\trig.sty"
Package: trig 2016/01/03 v1.10 sin cos tan (DPC)
)
("C:\Program Files\MiKTeX 2.9\tex\latex\graphics-cfg\graphics.cfg"
File: graphics.cfg 2016/06/04 v1.11 sample graphics configuration
)
Package graphics Info: Driver file: pdftex.def on input line 99.

("C:\Program Files\MiKTeX 2.9\tex\latex\graphics-def\pdftex.def"
File: pdftex.def 2017/01/12 v0.06k Graphics/color for pdfTeX

("C:\Program Files\MiKTeX 2.9\tex\generic\oberdiek\infwarerr.sty"
Package: infwarerr 2016/05/16 v1.4 Providing info/warning/error messages (HO)
)
("C:\Program Files\MiKTeX 2.9\tex\generic\oberdiek\ltxcmds.sty"
Package: ltxcmds 2016/05/16 v1.23 LaTeX kernel commands for general use (HO)
)
\Gread@gobject=\count107
))
\Gin@req@height=\dimen111
\Gin@req@width=\dimen112
)
("C:\Program Files\MiKTeX 2.9\tex\latex\tools\dcolumn.sty"
Package: dcolumn 2014/10/28 v1.06 decimal alignment package (DPC)

("C:\Program Files\MiKTeX 2.9\tex\latex\tools\array.sty"
Package: array 2016/10/06 v2.4d Tabular extension package (FMi)
\col@sep=\dimen113
\extrarowheight=\dimen114
\NC@list=\toks23
\extratabsurround=\skip49
\backup@length=\skip50
))
("C:\Program Files\MiKTeX 2.9\tex\latex\tools\bm.sty"
Package: bm 2017/01/16 v1.2c Bold Symbol Support (DPC/FMi)
\symboldoperators=\mathgroup6
\symboldletters=\mathgroup7
\symboldsymbols=\mathgroup8
LaTeX Font Info:    Redeclaring math alphabet \mathbf on input line 141.
LaTeX Info: Redefining \bm on input line 207.
)
("C:\Program Files\MiKTeX 2.9\tex\latex\booktabs\booktabs.sty"
Package: booktabs 2005/04/14 v1.61803 publication quality tables
\heavyrulewidth=\dimen115
\lightrulewidth=\dimen116
\cmidrulewidth=\dimen117
\belowrulesep=\dimen118
\belowbottomsep=\dimen119
\aboverulesep=\dimen120
\abovetopsep=\dimen121
\cmidrulesep=\dimen122
\cmidrulekern=\dimen123
\defaultaddspace=\dimen124
\@cmidla=\count108
\@cmidlb=\count109
\@aboverulesep=\dimen125
\@belowrulesep=\dimen126
\@thisruleclass=\count110
\@lastruleclass=\count111
\@thisrulewidth=\dimen127
)
("C:\Program Files\MiKTeX 2.9\tex\latex\listings\listings.sty"
\lst@mode=\count112
\lst@gtempboxa=\box43
\lst@token=\toks24
\lst@length=\count113
\lst@currlwidth=\dimen128
\lst@column=\count114
\lst@pos=\count115
\lst@lostspace=\dimen129
\lst@width=\dimen130
\lst@newlines=\count116
\lst@lineno=\count117
\lst@maxwidth=\dimen131

("C:\Program Files\MiKTeX 2.9\tex\latex\listings\lstmisc.sty"
File: lstmisc.sty 2015/06/04 1.6 (Carsten Heinz)
\c@lstnumber=\count118
\lst@skipnumbers=\count119
\lst@framebox=\box44
)
("C:\Program Files\MiKTeX 2.9\tex\latex\listings\listings.cfg"
File: listings.cfg 2015/06/04 1.6 listings configuration
))
Package: listings 2015/06/04 1.6 (Carsten Heinz)

("C:\Program Files\MiKTeX 2.9\tex\latex\listing\listing.sty"
Package: listing 1999/05/25

Package `listing', V1.2, <1999/05/25>
\c@listing=\count120
) ("C:\Program Files\MiKTeX 2.9\tex\latex\graphics\color.sty"
Package: color 2016/07/10 v1.1e Standard LaTeX Color (DPC)

("C:\Program Files\MiKTeX 2.9\tex\latex\graphics-cfg\color.cfg"
File: color.cfg 2016/01/02 v1.6 sample color configuration
)
Package color Info: Driver file: pdftex.def on input line 147.
)
("C:\Program Files\MiKTeX 2.9\tex\latex\hyperref\hyperref.sty"
Package: hyperref 2017/03/14 v6.85a Hypertext links for LaTeX

("C:\Program Files\MiKTeX 2.9\tex\generic\oberdiek\hobsub-hyperref.sty"
Package: hobsub-hyperref 2016/05/16 v1.14 Bundle oberdiek, subset hyperref (HO)


("C:\Program Files\MiKTeX 2.9\tex\generic\oberdiek\hobsub-generic.sty"
Package: hobsub-generic 2016/05/16 v1.14 Bundle oberdiek, subset generic (HO)
Package: hobsub 2016/05/16 v1.14 Construct package bundles (HO)
Package hobsub Info: Skipping package `infwarerr' (already loaded).
Package hobsub Info: Skipping package `ltxcmds' (already loaded).
Package: ifluatex 2016/05/16 v1.4 Provides the ifluatex switch (HO)
Package ifluatex Info: LuaTeX not detected.
Package: ifvtex 2016/05/16 v1.6 Detect VTeX and its facilities (HO)
Package ifvtex Info: VTeX not detected.
Package: intcalc 2016/05/16 v1.2 Expandable calculations with integers (HO)
Package: ifpdf 2017/03/15 v3.2 Provides the ifpdf switch
Package: etexcmds 2016/05/16 v1.6 Avoid name clashes with e-TeX commands (HO)
Package etexcmds Info: Could not find \expanded.
(etexcmds)             That can mean that you are not using pdfTeX 1.50 or
(etexcmds)             that some package has redefined \expanded.
(etexcmds)             In the latter case, load this package earlier.
Package: kvsetkeys 2016/05/16 v1.17 Key value parser (HO)
Package: kvdefinekeys 2016/05/16 v1.4 Define keys (HO)
Package: pdftexcmds 2017/03/19 v0.25 Utility functions of pdfTeX for LuaTeX (HO
)
Package pdftexcmds Info: LuaTeX not detected.
Package pdftexcmds Info: \pdf@primitive is available.
Package pdftexcmds Info: \pdf@ifprimitive is available.
Package pdftexcmds Info: \pdfdraftmode found.
Package: pdfescape 2016/05/16 v1.14 Implements pdfTeX's escape features (HO)
Package: bigintcalc 2016/05/16 v1.4 Expandable calculations on big integers (HO
)
Package: bitset 2016/05/16 v1.2 Handle bit-vector datatype (HO)
Package: uniquecounter 2016/05/16 v1.3 Provide unlimited unique counter (HO)
)
Package hobsub Info: Skipping package `hobsub' (already loaded).
Package: letltxmacro 2016/05/16 v1.5 Let assignment for LaTeX macros (HO)
Package: hopatch 2016/05/16 v1.3 Wrapper for package hooks (HO)
Package: xcolor-patch 2016/05/16 xcolor patch
Package: atveryend 2016/05/16 v1.9 Hooks at the very end of document (HO)
Package: atbegshi 2016/06/09 v1.18 At begin shipout hook (HO)
Package: refcount 2016/05/16 v3.5 Data extraction from label references (HO)
Package: hycolor 2016/05/16 v1.8 Color options for hyperref/bookmark (HO)
)
("C:\Program Files\MiKTeX 2.9\tex\generic\ifxetex\ifxetex.sty"
Package: ifxetex 2010/09/12 v0.6 Provides ifxetex conditional
)
("C:\Program Files\MiKTeX 2.9\tex\latex\oberdiek\auxhook.sty"
Package: auxhook 2016/05/16 v1.4 Hooks for auxiliary files (HO)
)
("C:\Program Files\MiKTeX 2.9\tex\latex\oberdiek\kvoptions.sty"
Package: kvoptions 2016/05/16 v3.12 Key value format for package options (HO)
)
\@linkdim=\dimen132
\Hy@linkcounter=\count121
\Hy@pagecounter=\count122

("C:\Program Files\MiKTeX 2.9\tex\latex\hyperref\pd1enc.def"
File: pd1enc.def 2017/03/14 v6.85a Hyperref: PDFDocEncoding definition (HO)
)
\Hy@SavedSpaceFactor=\count123

("C:\Program Files\MiKTeX 2.9\tex\latex\00miktex\hyperref.cfg"
File: hyperref.cfg 2002/06/06 v1.2 hyperref configuration of TeXLive
)
Package hyperref Info: Hyper figures OFF on input line 4498.
Package hyperref Info: Link nesting OFF on input line 4503.
Package hyperref Info: Hyper index ON on input line 4506.
Package hyperref Info: Plain pages OFF on input line 4513.
Package hyperref Info: Backreferencing OFF on input line 4518.
Package hyperref Info: Implicit mode ON; LaTeX internals redefined.
Package hyperref Info: Bookmarks ON on input line 4751.
LaTeX Info: Redefining \href on input line 5015.
\c@Hy@tempcnt=\count124
LaTeX Info: Redefining \url on input line 5104.
\XeTeXLinkMargin=\dimen133
\Fld@menulength=\count125
\Field@Width=\dimen134
\Fld@charsize=\dimen135
Package hyperref Info: Hyper figures OFF on input line 6358.
Package hyperref Info: Link nesting OFF on input line 6363.
Package hyperref Info: Hyper index ON on input line 6366.
Package hyperref Info: backreferencing OFF on input line 6373.
Package hyperref Info: Link coloring OFF on input line 6378.
Package hyperref Info: Link coloring with OCG OFF on input line 6383.
Package hyperref Info: PDF/A mode OFF on input line 6388.
LaTeX Info: Redefining \ref on input line 6428.
LaTeX Info: Redefining \pageref on input line 6432.
\Hy@abspage=\count126
\c@Item=\count127
\c@Hfootnote=\count128
)

Package hyperref Message: Driver (autodetected): hpdftex.

("C:\Program Files\MiKTeX 2.9\tex\latex\hyperref\hpdftex.def"
File: hpdftex.def 2017/03/14 v6.85a Hyperref driver for pdfTeX
\Fld@listcount=\count129
\c@bookmark@seq@number=\count130

("C:\Program Files\MiKTeX 2.9\tex\latex\oberdiek\rerunfilecheck.sty"
Package: rerunfilecheck 2016/05/16 v1.8 Rerun checks for auxiliary files (HO)
Package uniquecounter Info: New unique counter `rerunfilecheck' on input line 2
82.
)
\Hy@SectionHShift=\skip51
)
("C:\Program Files\MiKTeX 2.9\tex\latex\subfig\subfig.sty"
Package: subfig 2005/06/28 ver: 1.3 subfig package

("C:\Program Files\MiKTeX 2.9\tex\latex\caption\caption.sty"
Package: caption 2016/02/21 v3.3-144 Customizing captions (AR)

("C:\Program Files\MiKTeX 2.9\tex\latex\caption\caption3.sty"
Package: caption3 2016/05/22 v1.7-166 caption3 kernel (AR)
Package caption3 Info: TeX engine: e-TeX on input line 67.
\captionmargin=\dimen136
\captionmargin@=\dimen137
\captionwidth=\dimen138
\caption@tempdima=\dimen139
\caption@indent=\dimen140
\caption@parindent=\dimen141
\caption@hangindent=\dimen142
Package caption Info: Unknown document class (or package),
(caption)             standard defaults will be used.
)

Package caption Warning: Unsupported document class (or package) detected,
(caption)                usage of the caption package is not recommended.
See the caption package documentation for explanation.

Package caption Info: \@makecaption = \long macro:#1#2->\par \vskip \abovecapti
onskip \begingroup \small \rmfamily \sbox \@tempboxa {\let \\\heading@cr \@make
@capt@title {#1}{#2}}\@ifdim {\wd \@tempboxa >\hsize }{\begingroup \samepage \f
lushing \let \footnote \@footnotemark@gobble \@make@capt@title {#1}{#2}\par \en
dgroup }{\global \@minipagefalse \hb@xt@ \hsize {\hfil \unhbox \@tempboxa \hfil
 }}\endgroup \vskip \belowcaptionskip .
\c@ContinuedFloat=\count131
Package caption Info: hyperref package is loaded.
Package caption Info: listings package is loaded.
)
\c@KVtest=\count132
\sf@farskip=\skip52
\sf@captopadj=\dimen143
\sf@capskip=\skip53
\sf@nearskip=\skip54
\c@subfigure=\count133
\c@subfigure@save=\count134
\c@lofdepth=\count135
\c@subtable=\count136
\c@subtable@save=\count137
\c@lotdepth=\count138
\sf@top=\skip55
\sf@bottom=\skip56
) ("C:\Program Files\MiKTeX 2.9\tex\latex\sauerj\parcolumns.sty"
Package: parcolumns 2004/11/25 v1.2 Typeset multiple parallel columns

("C:\Program Files\MiKTeX 2.9\tex\latex\sauerj\processkv.sty"
Package: processkv 2004/08/09 v1.0.1 process key=value lists
)
\pc@columnctr=\count139
\pc@columncount=\count140
\pc@everypar=\toks25
)
("C:\Program Files\MiKTeX 2.9\tex\latex\xpatch\xpatch.sty"
("C:\Program Files\MiKTeX 2.9\tex\latex\l3kernel\expl3.sty"
Package: expl3 2017/09/18 L3 programming layer (loader) 

("C:\Program Files\MiKTeX 2.9\tex\latex\l3kernel\expl3-code.tex"
Package: expl3 2017/09/18 L3 programming layer (code)
\c_max_int=\count141
\l_tmpa_int=\count142
\l_tmpb_int=\count143
\g_tmpa_int=\count144
\g_tmpb_int=\count145
\g__intarray_font_int=\count146
\g__prg_map_int=\count147
\c_log_iow=\count148
\l_iow_line_count_int=\count149
\l__iow_line_target_int=\count150
\l__iow_one_indent_int=\count151
\l__iow_indent_int=\count152
\c_zero_dim=\dimen144
\c_max_dim=\dimen145
\l_tmpa_dim=\dimen146
\l_tmpb_dim=\dimen147
\g_tmpa_dim=\dimen148
\g_tmpb_dim=\dimen149
\c_zero_skip=\skip57
\c_max_skip=\skip58
\l_tmpa_skip=\skip59
\l_tmpb_skip=\skip60
\g_tmpa_skip=\skip61
\g_tmpb_skip=\skip62
\c_zero_muskip=\muskip12
\c_max_muskip=\muskip13
\l_tmpa_muskip=\muskip14
\l_tmpb_muskip=\muskip15
\g_tmpa_muskip=\muskip16
\g_tmpb_muskip=\muskip17
\l_keys_choice_int=\count153
\c__fp_leading_shift_int=\count154
\c__fp_middle_shift_int=\count155
\c__fp_trailing_shift_int=\count156
\c__fp_big_leading_shift_int=\count157
\c__fp_big_middle_shift_int=\count158
\c__fp_big_trailing_shift_int=\count159
\c__fp_Bigg_leading_shift_int=\count160
\c__fp_Bigg_middle_shift_int=\count161
\c__fp_Bigg_trailing_shift_int=\count162
\c__fp_rand_size_int=\count163
\c__fp_rand_four_int=\count164
\c__fp_rand_eight_int=\count165
\l__sort_length_int=\count166
\l__sort_min_int=\count167
\l__sort_top_int=\count168
\l__sort_max_int=\count169
\l__sort_true_max_int=\count170
\l__sort_block_int=\count171
\l__sort_begin_int=\count172
\l__sort_end_int=\count173
\l__sort_A_int=\count174
\l__sort_B_int=\count175
\l__sort_C_int=\count176
\l__tl_build_start_index_int=\count177
\l__tl_build_index_int=\count178
\l__tl_analysis_normal_int=\count179
\l__tl_analysis_index_int=\count180
\l__tl_analysis_nesting_int=\count181
\l__tl_analysis_type_int=\count182
\l__regex_internal_a_int=\count183
\l__regex_internal_b_int=\count184
\l__regex_internal_c_int=\count185
\l__regex_balance_int=\count186
\l__regex_group_level_int=\count187
\l__regex_mode_int=\count188
\c__regex_cs_in_class_mode_int=\count189
\c__regex_cs_mode_int=\count190
\l__regex_catcodes_int=\count191
\l__regex_default_catcodes_int=\count192
\c__regex_catcode_D_int=\count193
\c__regex_catcode_S_int=\count194
\c__regex_catcode_L_int=\count195
\c__regex_catcode_O_int=\count196
\c__regex_catcode_A_int=\count197
\c__regex_all_catcodes_int=\count198
\l__regex_show_lines_int=\count199
\l__regex_min_state_int=\count266
\l__regex_max_state_int=\count267
\l__regex_left_state_int=\count268
\l__regex_right_state_int=\count269
\l__regex_capturing_group_int=\count270
\l__regex_min_pos_int=\count271
\l__regex_max_pos_int=\count272
\l__regex_curr_pos_int=\count273
\l__regex_start_pos_int=\count274
\l__regex_success_pos_int=\count275
\l__regex_curr_char_int=\count276
\l__regex_curr_catcode_int=\count277
\l__regex_last_char_int=\count278
\l__regex_case_changed_char_int=\count279
\l__regex_curr_state_int=\count280
\l__regex_step_int=\count281
\l__regex_min_active_int=\count282
\l__regex_max_active_int=\count283
\l__regex_replacement_csnames_int=\count284
\l__regex_match_count_int=\count285
\l__regex_min_submatch_int=\count286
\l__regex_submatch_int=\count287
\l__regex_zeroth_submatch_int=\count288
\g__debug_trace_regex_int=\count289
\c_empty_box=\box45
\l_tmpa_box=\box46
\l_tmpb_box=\box47
\g_tmpa_box=\box48
\g_tmpb_box=\box49
\l__box_top_dim=\dimen150
\l__box_bottom_dim=\dimen151
\l__box_left_dim=\dimen152
\l__box_right_dim=\dimen153
\l__box_top_new_dim=\dimen154
\l__box_bottom_new_dim=\dimen155
\l__box_left_new_dim=\dimen156
\l__box_right_new_dim=\dimen157
\l__box_internal_box=\box50
\l__coffin_internal_box=\box51
\l__coffin_internal_dim=\dimen158
\l__coffin_offset_x_dim=\dimen159
\l__coffin_offset_y_dim=\dimen160
\l__coffin_x_dim=\dimen161
\l__coffin_y_dim=\dimen162
\l__coffin_x_prime_dim=\dimen163
\l__coffin_y_prime_dim=\dimen164
\c_empty_coffin=\box52
\l__coffin_aligned_coffin=\box53
\l__coffin_aligned_internal_coffin=\box54
\l_tmpa_coffin=\box55
\l_tmpb_coffin=\box56
\l__coffin_display_coffin=\box57
\l__coffin_display_coord_coffin=\box58
\l__coffin_display_pole_coffin=\box59
\l__coffin_display_offset_dim=\dimen165
\l__coffin_display_x_dim=\dimen166
\l__coffin_display_y_dim=\dimen167
\l__coffin_bounding_shift_dim=\dimen168
\l__coffin_left_corner_dim=\dimen169
\l__coffin_right_corner_dim=\dimen170
\l__coffin_bottom_corner_dim=\dimen171
\l__coffin_top_corner_dim=\dimen172
\l__coffin_scaled_total_height_dim=\dimen173
\l__coffin_scaled_width_dim=\dimen174
)
("C:\Program Files\MiKTeX 2.9\tex\latex\l3kernel\l3pdfmode.def"
File: l3pdfmode.def 2017/03/18 v L3 Experimental driver: PDF mode
\l__driver_color_stack_int=\count290
\l__driver_tmp_box=\box60
))
Package: xpatch 2012/10/02 v0.3 Extending etoolbox patching commands

("C:\Program Files\MiKTeX 2.9\tex\latex\l3packages\xparse\xparse.sty"
Package: xparse 2017/09/18 L3 Experimental document command parser
\l__xparse_current_arg_int=\count291
\g__xparse_grabber_int=\count292
\l__xparse_m_args_int=\count293
\l__xparse_mandatory_args_int=\count294
\l__xparse_v_nesting_int=\count295
)
("C:\Program Files\MiKTeX 2.9\tex\latex\etoolbox\etoolbox.sty"
Package: etoolbox 2018/02/11 v2.5e e-TeX tools for LaTeX (JAW)
\etb@tempcnta=\count296
)
.................................................
. LaTeX info: "xparse/define-command"
. 
. Defining command \xpatchcmd with sig. '' on line 125.
.................................................
.................................................
. LaTeX info: "xparse/define-command"
. 
. Defining command \xpretocmd with sig. '' on line 126.
.................................................
.................................................
. LaTeX info: "xparse/define-command"
. 
. Defining command \xapptocmd with sig. '' on line 127.
.................................................
.................................................
. LaTeX info: "xparse/define-command"
. 
. Defining command \xshowcmd with sig. '' on line 128.
.................................................
.................................................
. LaTeX info: "xparse/define-command"
. 
. Defining command \xpatchbibmacro with sig. 'm' on line 131.
.................................................
.................................................
. LaTeX info: "xparse/define-command"
. 
. Defining command \xpretobibmacro with sig. 'm' on line 133.
.................................................
.................................................
. LaTeX info: "xparse/define-command"
. 
. Defining command \xapptobibmacro with sig. 'm' on line 135.
.................................................
.................................................
. LaTeX info: "xparse/define-command"
. 
. Defining command \xshowbibmacro with sig. 'm' on line 137.
.................................................
.................................................
. LaTeX info: "xparse/define-command"
. 
. Defining command \xpatchfieldformat with sig. 'O{*}m' on line 139.
.................................................
.................................................
. LaTeX info: "xparse/define-command"
. 
. Defining command \xpretofieldformat with sig. 'O{*}m' on line 141.
.................................................
.................................................
. LaTeX info: "xparse/define-command"
. 
. Defining command \xapptofieldformat with sig. 'O{*}m' on line 143.
.................................................
.................................................
. LaTeX info: "xparse/define-command"
. 
. Defining command \xshowfieldformat with sig. 'O{*}m' on line 145.
.................................................
.................................................
. LaTeX info: "xparse/define-command"
. 
. Defining command \xpatchnameformat with sig. 'O{*}m' on line 147.
.................................................
.................................................
. LaTeX info: "xparse/define-command"
. 
. Defining command \xpretonameformat with sig. 'O{*}m' on line 149.
.................................................
.................................................
. LaTeX info: "xparse/define-command"
. 
. Defining command \xapptonameformat with sig. 'O{*}m' on line 151.
.................................................
.................................................
. LaTeX info: "xparse/define-command"
. 
. Defining command \xshownameformat with sig. 'O{*}m' on line 153.
.................................................
.................................................
. LaTeX info: "xparse/define-command"
. 
. Defining command \xpatchlistformat with sig. 'O{*}m' on line 155.
.................................................
.................................................
. LaTeX info: "xparse/define-command"
. 
. Defining command \xpretolistformat with sig. 'O{*}m' on line 157.
.................................................
.................................................
. LaTeX info: "xparse/define-command"
. 
. Defining command \xapptolistformat with sig. 'O{*}m' on line 159.
.................................................
.................................................
. LaTeX info: "xparse/define-command"
. 
. Defining command \xshowlistformat with sig. 'O{*}m' on line 161.
.................................................
.................................................
. LaTeX info: "xparse/define-command"
. 
. Defining command \xpatchindexfieldformat with sig. 'O{*}m' on line 163.
.................................................
.................................................
. LaTeX info: "xparse/define-command"
. 
. Defining command \xpretoindexfieldformat with sig. 'O{*}m' on line 165.
.................................................
.................................................
. LaTeX info: "xparse/define-command"
. 
. Defining command \xapptoindexfieldformat with sig. 'O{*}m' on line 167.
.................................................
.................................................
. LaTeX info: "xparse/define-command"
. 
. Defining command \xshowindexfieldformat with sig. 'O{*}m' on line 169.
.................................................
.................................................
. LaTeX info: "xparse/define-command"
. 
. Defining command \xpatchindexnameformat with sig. 'O{*}m' on line 171.
.................................................
.................................................
. LaTeX info: "xparse/define-command"
. 
. Defining command \xpretoindexnameformat with sig. 'O{*}m' on line 173.
.................................................
.................................................
. LaTeX info: "xparse/define-command"
. 
. Defining command \xapptoindexnameformat with sig. 'O{*}m' on line 175.
.................................................
.................................................
. LaTeX info: "xparse/define-command"
. 
. Defining command \xshowindexnameformat with sig. 'O{*}m' on line 177.
.................................................
.................................................
. LaTeX info: "xparse/define-command"
. 
. Defining command \xpatchindexlistformat with sig. 'O{*}m' on line 179.
.................................................
.................................................
. LaTeX info: "xparse/define-command"
. 
. Defining command \xpretoindexlistformat with sig. 'O{*}m' on line 181.
.................................................
.................................................
. LaTeX info: "xparse/define-command"
. 
. Defining command \xappindextolistformat with sig. 'O{*}m' on line 183.
.................................................
.................................................
. LaTeX info: "xparse/define-command"
. 
. Defining command \xshowindexlistformat with sig. 'O{*}m' on line 185.
.................................................
.................................................
. LaTeX info: "xparse/define-command"
. 
. Defining command \xpatchbibdriver with sig. 'm' on line 187.
.................................................
.................................................
. LaTeX info: "xparse/define-command"
. 
. Defining command \xpretobibdriver with sig. 'm' on line 189.
.................................................
.................................................
. LaTeX info: "xparse/define-command"
. 
. Defining command \xapptobibdriver with sig. 'm' on line 191.
.................................................
.................................................
. LaTeX info: "xparse/define-command"
. 
. Defining command \xshowbibdriver with sig. 'm' on line 193.
.................................................
)
Class revtex4-1 Info: Unrecognized array package. Please update this document c
lass! (Proceeding with fingers crossed.) on input line 94.
Class revtex4-1 Info: Robustifying \LaTeX's \boldmath command on input line 94.

Class revtex4-1 Info: cite was not loaded (OK!) on input line 94.
Class revtex4-1 Info: mcite was not loaded (OK!) on input line 94.
Class revtex4-1 Info: multicol was not loaded (OK!) on input line 94.
 (apssamp.aux

LaTeX Warning: Label `sec:level1' multiply defined.


LaTeX Warning: Label `sec:level2' multiply defined.


LaTeX Warning: Label `sec:level1' multiply defined.


LaTeX Warning: Label `sec:level2' multiply defined.


LaTeX Warning: Label `sec:level2' multiply defined.


LaTeX Warning: Label `sec:level1' multiply defined.


LaTeX Warning: Label `sec:level2' multiply defined.


LaTeX Warning: Label `sec:level2' multiply defined.


LaTeX Warning: Label `sec:level2' multiply defined.


LaTeX Warning: Label `sec:level2' multiply defined.


LaTeX Warning: Label `sec:level1' multiply defined.


LaTeX Warning: Label `sec:level2' multiply defined.


LaTeX Warning: Label `sec:level2' multiply defined.


LaTeX Warning: Label `sec:level2' multiply defined.


LaTeX Warning: Label `sec:level2' multiply defined.


LaTeX Warning: Label `sec:level2' multiply defined.


LaTeX Warning: Label `sec:level1' multiply defined.

)
\openout1 = `apssamp.aux'.

LaTeX Font Info:    Checking defaults for OML/cmm/m/it on input line 94.
LaTeX Font Info:    ... okay on input line 94.
LaTeX Font Info:    Checking defaults for T1/cmr/m/n on input line 94.
LaTeX Font Info:    ... okay on input line 94.
LaTeX Font Info:    Checking defaults for OT1/cmr/m/n on input line 94.
LaTeX Font Info:    ... okay on input line 94.
LaTeX Font Info:    Checking defaults for OMS/cmsy/m/n on input line 94.
LaTeX Font Info:    ... okay on input line 94.
LaTeX Font Info:    Checking defaults for OMX/cmex/m/n on input line 94.
LaTeX Font Info:    ... okay on input line 94.
LaTeX Font Info:    Checking defaults for U/cmr/m/n on input line 94.
LaTeX Font Info:    ... okay on input line 94.
LaTeX Font Info:    Checking defaults for PD1/pdf/m/n on input line 94.
LaTeX Font Info:    ... okay on input line 94.
 ("C:\Program Files\MiKTeX 2.9\tex\context\base\supp-pdf.mkii"
[Loading MPS to PDF converter (version 2006.09.02).]
\scratchcounter=\count297
\scratchdimen=\dimen175
\scratchbox=\box61
\nofMPsegments=\count298
\nofMParguments=\count299
\everyMPshowfont=\toks26
\MPscratchCnt=\count300
\MPscratchDim=\dimen176
\MPnumerator=\count301
\makeMPintoPDFobject=\count302
\everyMPtoPDFconversion=\toks27
) ("C:\Program Files\MiKTeX 2.9\tex\latex\oberdiek\epstopdf-base.sty"
Package: epstopdf-base 2016/05/15 v2.6 Base part for package epstopdf

("C:\Program Files\MiKTeX 2.9\tex\latex\oberdiek\grfext.sty"
Package: grfext 2016/05/16 v1.2 Manage graphics extensions (HO)
)
Package epstopdf-base Info: Redefining graphics rule for `.eps' on input line 4
38.
Package grfext Info: Graphics extension search list:
(grfext)             [.png,.pdf,.jpg,.mps,.jpeg,.jbig2,.jb2,.PNG,.PDF,.JPG,.JPE
G,.JBIG2,.JB2,.eps]
(grfext)             \AppendGraphicsExtensions on input line 456.
)
\c@lstlisting=\count303
\AtBeginShipoutBox=\box62
Package hyperref Info: Link coloring OFF on input line 94.

("C:\Program Files\MiKTeX 2.9\tex\latex\hyperref\nameref.sty"
Package: nameref 2016/05/21 v2.44 Cross-referencing by name of section

("C:\Program Files\MiKTeX 2.9\tex\generic\oberdiek\gettitlestring.sty"
Package: gettitlestring 2016/05/16 v1.5 Cleanup title references (HO)
)
\c@section@level=\count304
)
LaTeX Info: Redefining \ref on input line 94.
LaTeX Info: Redefining \pageref on input line 94.
LaTeX Info: Redefining \nameref on input line 94.

(apssamp.out) (apssamp.out)
\@outlinefile=\write4
\openout4 = `apssamp.out'.

Package caption Info: Begin \AtBeginDocument code.
Package caption Info: subfig package v1.3 is loaded.
Package caption Info: End \AtBeginDocument code.
Class revtex4-1 Info: Taking \maketitle back from hyperref on input line 94.
\openout3 = `apssampNotes.bib'.

Missing character: There is no ‚ in font cmr9!
Missing character: There is no Ä in font cmr9!
Missing character: There is no ò in font cmr9!
Missing character: There is no ‚ in font cmr9!
Missing character: There is no Ä in font cmr9!
Missing character: There is no ô in font cmr9!


Package hyperref Warning: Token not allowed in a PDF string (PDFDocEncoding):
(hyperref)                removing `\\' on input line 116.

(apssamp.toc)
\tf@toc=\write5
\openout5 = `apssamp.toc'.

 (apssamp.lof
LaTeX Font Info:    Try loading font information for U+msa on input line 1.

("C:\Program Files\MiKTeX 2.9\tex\latex\amsfonts\umsa.fd"
File: umsa.fd 2013/01/14 v3.01 AMS symbols A
)
LaTeX Font Info:    Try loading font information for U+msb on input line 1.

("C:\Program Files\MiKTeX 2.9\tex\latex\amsfonts\umsb.fd"
File: umsb.fd 2013/01/14 v3.01 AMS symbols B
))
\tf@lof=\write6
\openout6 = `apssamp.lof'.

 (apssamp.lot)
\tf@lot=\write7
\openout7 = `apssamp.lot'.


(apssamp.lol)
\tf@lol=\write8
\openout8 = `apssamp.lol'.


Underfull \hbox (badness 1189) in paragraph at lines 143--144
[]\OT1/cmr/m/n/10 Optical Co-her-ence To-mog-ra-phy (OCT) is a non-
 []

Missing character: There is no ‚ in font cmr10!
Missing character: There is no Ä in font cmr10!
Missing character: There is no ò in font cmr10!
Missing character: There is no ‚ in font cmr10!
Missing character: There is no Ä in font cmr10!
Missing character: There is no ô in font cmr10!
Missing character: There is no ‚ in font cmr10!
Missing character: There is no Ä in font cmr10!
Missing character: There is no ú in font cmr10!
Missing character: There is no ‚ in font cmr10!
Missing character: There is no Ä in font cmr10!
Missing character: There is no ù in font cmr10!
[1{C:/Users/J-Bro/AppData/Local/MiKTeX/2.9/pdftex/config/pdftex.map}]
<Figures/specklefilter2.png, id=190, 408.02437pt x 137.01187pt>
File: Figures/specklefilter2.png Graphic file (type png)

<use Figures/specklefilter2.png>
Package pdftex.def Info: Figures/specklefilter2.png used on input line 159.
(pdftex.def)             Requested size: 196.80075pt x 66.08481pt.

("C:\Program Files\MiKTeX 2.9\tex\latex\listings\lstlang1.sty"
File: lstlang1.sty 2015/06/04 1.6 listings language file
)
<Figures/3dvol.png, id=197, 779.91376pt x 751.80875pt>
File: Figures/3dvol.png Graphic file (type png)
 <use Figures/3dvol.png>
Package pdftex.def Info: Figures/3dvol.png used on input line 184.
(pdftex.def)             Requested size: 196.80075pt x 189.70688pt.

<Figures/2dslice.png, id=199, 516.42938pt x 559.33969pt>
File: Figures/2dslice.png Graphic file (type png)

<use Figures/2dslice.png>
Package pdftex.def Info: Figures/2dslice.png used on input line 191.
(pdftex.def)             Requested size: 196.80075pt x 213.14873pt.
 [2 <./Figures/specklefilter2.png> <./Figures/3dvol.png>]

LaTeX Warning: A float is stuck (cannot be placed); try class option [floatfix]
 on input line 198.

<Figures/composite.png, id=226, 618.81187pt x 155.83218pt>
File: Figures/composite.png Graphic file (type png)

<use Figures/composite.png>
Package pdftex.def Info: Figures/composite.png used on input line 235.
(pdftex.def)             Requested size: 408.00156pt x 102.74968pt.
 [3 <./Figures/2dslice.png (PNG copy)>]
Underfull \hbox (badness 10000) in paragraph at lines 277--287

 []


Underfull \hbox (badness 1215) in paragraph at lines 277--287
\OT1/cmr/m/n/10 The re-sul-tant gray value R for the pix-els is then
 []

<Figures/kusquares.jpg, id=254, 175.40532pt x 176.91093pt>
File: Figures/kusquares.jpg Graphic file (type jpg)

<use Figures/kusquares.jpg>
Package pdftex.def Info: Figures/kusquares.jpg used on input line 313.
(pdftex.def)             Requested size: 196.80075pt x 198.506pt.
 [4 <./Figures/composite.png>]

LaTeX Warning: A float is stuck (cannot be placed); try class option [floatfix]
 on input line 323.

<Figures/snn.png, id=271, 210.7875pt x 171.64125pt>
File: Figures/snn.png Graphic file (type png)
 <use Figures/snn.png>
Package pdftex.def Info: Figures/snn.png used on input line 326.
(pdftex.def)             Requested size: 196.80075pt x 160.25587pt.


LaTeX Warning: No positions in optional float specifier.
               Default added (so using `tbp') on input line 352.

<Figures/orig.png, id=280, 523.9575pt x 574.39594pt>
File: Figures/orig.png Graphic file (type png)
 <use Figures/orig.png>
Package pdftex.def Info: Figures/orig.png used on input line 376.
(pdftex.def)             Requested size: 255.0pt x 279.54579pt.

<Figures/wiener.png, id=281, 523.9575pt x 574.39594pt>
File: Figures/wiener.png Graphic file (type png)

<use Figures/wiener.png>
Package pdftex.def Info: Figures/wiener.png used on input line 377.
(pdftex.def)             Requested size: 255.0pt x 279.54579pt.
 <Figures/lee.png, id=282, 523.9575pt x 574.39594pt>
File: Figures/lee.png Graphic file (type png)

<use Figures/lee.png>
Package pdftex.def Info: Figures/lee.png used on input line 383.
(pdftex.def)             Requested size: 255.0pt x 279.54579pt.
 <Figures/Ku.png, id=283, 523.9575pt x 574.39594pt>
File: Figures/Ku.png Graphic file (type png)

<use Figures/Ku.png>
Package pdftex.def Info: Figures/Ku.png used on input line 384.
(pdftex.def)             Requested size: 255.0pt x 279.54579pt.
 <Figures/SNNFilt.png, id=284, 525.46312pt x 575.90157pt>
File: Figures/SNNFilt.png Graphic file (type png)

<use Figures/SNNFilt.png>
Package pdftex.def Info: Figures/SNNFilt.png used on input line 390.
(pdftex.def)             Requested size: 255.0pt x 279.47888pt.

<Figures/hybrid.png, id=285, 523.9575pt x 574.39594pt>
File: Figures/hybrid.png Graphic file (type png)

<use Figures/hybrid.png>
Package pdftex.def Info: Figures/hybrid.png used on input line 391.
(pdftex.def)             Requested size: 255.0pt x 279.54579pt.
 [5 <./Figures/kusquares.jpg> <./Figures/snn.png (PNG copy)>] [6 <./Figures/ori
g.png (PNG copy)> <./Figures/wiener.png (PNG copy)>]

LaTeX Warning: A float is stuck (cannot be placed); try class option [floatfix]
 on input line 395.


Class revtex4-1 Warning: Deferred float stuck during \clearpage processing.

[7 <./Figures/lee.png (PNG copy)> <./Figures/Ku.png (PNG copy)> <./Figures/SNNF
ilt.png (PNG copy)> <./Figures/hybrid.png (PNG copy)>]
LaTeX Font Info:    Try loading font information for OMS+cmr on input line 417.


("C:\Program Files\MiKTeX 2.9\tex\latex\base\omscmr.fd"
File: omscmr.fd 2014/09/29 v2.5h Standard LaTeX font definitions
)
LaTeX Font Info:    Font shape `OMS/cmr/m/n' in size <8> not available
(Font)              Font shape `OMS/cmsy/m/n' tried instead on input line 417.

Overfull \hbox (212.99689pt too wide) in paragraph at lines 395--462
$[]$ 
 []

(apssamp.bbl [8]
Underfull \hbox (badness 10000) in paragraph at lines 5--9
 \OT1/cmtt/m/n/9 com / geomatica-[]help / concepts / orthoengine _ c /
 []


Underfull \hbox (badness 5756) in paragraph at lines 11--16
 []\OT1/cmr/m/n/9 Balbi, L.  Faster Kuwa-hara fil-ter - File Ex-
 []


Underfull \hbox (badness 10000) in paragraph at lines 11--16
 \OT1/cmr/m/n/9 change - MAT-LAB Cen-tral.  []$\OT1/cmtt/m/n/9 http : / / www .

 []


Underfull \hbox (badness 10000) in paragraph at lines 11--16
 \OT1/cmtt/m/n/9 mathworks . com / matlabcentral / fileexchange /
 []


Underfull \hbox (badness 1975) in paragraph at lines 11--16
 \OT1/cmtt/m/n/9 15027-[]faster-[]kuwahara-[]filter$[]\OT1/cmr/m/n/9 .  [On-lin
e; ac-cessed
 []


Underfull \hbox (badness 1087) in paragraph at lines 36--41
 []\OT1/cmr/m/n/9 fiveko (2017).  Sym-met-ric Near-est Neigh-bor Fil-ter.
 []


Underfull \hbox (badness 10000) in paragraph at lines 36--41
 []$\OT1/cmtt/m/n/9 http : / / fiveko . com / tutorials / image-[]processing /
 []


Underfull \hbox (badness 10000) in paragraph at lines 36--41
 \OT1/cmtt/m/n/9 symmetric-[]nearest-[]neighbor-[]filter/$[]\OT1/cmr/m/n/9 .  [
On-line;
 []


Underfull \hbox (badness 10000) in paragraph at lines 43--48
 []\OT1/cmr/m/n/9 Garcia, D. (2010).  Hy-brid me-dian fil-ter-ing
 []


Underfull \hbox (badness 7151) in paragraph at lines 43--48
 \OT1/cmr/m/n/9 - File Ex-change - MAT-LAB Cen-tral.  []$\OT1/cmtt/m/n/9 http :

 []


Underfull \hbox (badness 10000) in paragraph at lines 43--48
 \OT1/cmtt/m/n/9 / / www . mathworks . com / matlabcentral / fileexchange /
 []


Underfull \hbox (badness 1067) in paragraph at lines 61--67
 []\OT1/cmr/m/n/9 Mastriani, M. and Gi-raldez, A. E.  En-hanced di-
 []


Underfull \hbox (badness 7221) in paragraph at lines 61--67
 \OT1/cmr/m/n/9 rec-tional smooth-ing al-go-rithm for edge-preserving
 []


Underfull \hbox (badness 10000) in paragraph at lines 61--67
 \OT1/cmr/m/n/9 smooth-ing of synthetic-aperture radar im-ages.
 []


Underfull \hbox (badness 10000) in paragraph at lines 61--67
 []$\OT1/cmtt/m/n/9 http : / / desktop . arcgis . com / en / arcmap / 10 . 3 /
 []


Underfull \hbox (badness 10000) in paragraph at lines 61--67
 \OT1/cmtt/m/n/9 manage-[]data / raster-[]and-[]images / speckle-[]function .
 []


Underfull \hbox (badness 10000) in paragraph at lines 61--67
 \OT1/cmtt/m/n/9 htm # GUID-[]F45976F8-[]09C5-[]4344-[]B249-[]FBAA03517B8A$[]\O
T1/cmr/m/n/9 .
 []


Underfull \hbox (badness 10000) in paragraph at lines 117--122
 []\OT1/cmr/m/n/9 Stough, J.  3d Vol-ume Vi-su-al-iza-tion - File
 []


Underfull \hbox (badness 10000) in paragraph at lines 117--122
 \OT1/cmr/m/n/9 Ex-change - MAT-LAB Cen-tral.  []$\OT1/cmtt/m/n/9 http : / / ww
w .
 []


Underfull \hbox (badness 10000) in paragraph at lines 117--122
 \OT1/cmtt/m/n/9 mathworks . com / matlabcentral / fileexchange /
 []

)
> \tableofcontents=macro:
->\addtocontents {toc}{\string \tocdepth@munge }\print@toc {toc}\addtocontents 
{toc}{\string \tocdepth@restore }.
l.466 	\show\tableofcontents
                            

> \lstlistoflistings=\long macro:
-> \begin {center} \textbf {\small \MakeUppercase {\lstlistlistingname }} \\[1.
5ex] \end {center} \vspace {-1em} \@starttoc {lol} .
l.467 	\show\lstlistoflistings
                              

> \listoftables=macro:
->\print@toc {lot}.
l.468 	\show\listoftables
                         

> \listoffigures=macro:
->\print@toc {lof}.
l.469 	\show\listoffigures
                          

Package atveryend Info: Executing hook `AtVeryEndDocument' on input line 470.
[9]
Package atveryend Info: Empty hook `AfterLastShipout' on input line 470.
 (apssamp.aux)
Package atveryend Info: Executing hook `AtEndAfterFileList' on input line 470.
Package rerunfilecheck Info: File `apssamp.out' has not changed.
(rerunfilecheck)             Checksum: 5894BDAE9393221F48DE19C27068E2DA;2047.


LaTeX Warning: There were multiply-defined labels.

 ) 
Here is how much of TeX's memory you used:
 19954 strings out of 493323
 340053 string characters out of 3139067
 859012 words of memory out of 3000000
 23141 multiletter control sequences out of 15000+200000
 543606 words of font info for 71 fonts, out of 3000000 for 9000
 1141 hyphenation exceptions out of 8191
 44i,10n,49p,10385b,1568s stack positions out of 5000i,500n,10000p,200000b,50000s
<C:/Program Files/MiKTeX 2.9/fonts/type1/public/amsfonts/cm/cmbx12.pfb><C:/Pr
ogram Files/MiKTeX 2.9/fonts/type1/public/amsfonts/cm/cmbx9.pfb><C:/Program Fil
es/MiKTeX 2.9/fonts/type1/public/amsfonts/cm/cmex10.pfb><C:/Program Files/MiKTe
X 2.9/fonts/type1/public/amsfonts/cm/cmmi10.pfb><C:/Program Files/MiKTeX 2.9/fo
nts/type1/public/amsfonts/cm/cmmi7.pfb><C:/Program Files/MiKTeX 2.9/fonts/type1
/public/amsfonts/cm/cmr10.pfb><C:/Program Files/MiKTeX 2.9/fonts/type1/public/a
msfonts/cm/cmr5.pfb><C:/Program Files/MiKTeX 2.9/fonts/type1/public/amsfonts/cm
/cmr8.pfb><C:/Program Files/MiKTeX 2.9/fonts/type1/public/amsfonts/cm/cmr9.pfb>
<C:/Program Files/MiKTeX 2.9/fonts/type1/public/amsfonts/cm/cmsy10.pfb><C:/Prog
ram Files/MiKTeX 2.9/fonts/type1/public/amsfonts/cm/cmsy7.pfb><C:/Program Files
/MiKTeX 2.9/fonts/type1/public/amsfonts/cm/cmsy8.pfb><C:/Program Files/MiKTeX 2
.9/fonts/type1/public/amsfonts/cm/cmti10.pfb><C:/Program Files/MiKTeX 2.9/fonts
/type1/public/amsfonts/cm/cmti9.pfb><C:/Program Files/MiKTeX 2.9/fonts/type1/pu
blic/amsfonts/cm/cmtt9.pfb>
Output written on apssamp.pdf (9 pages, 3270556 bytes).
PDF statistics:
 482 PDF objects out of 1000 (max. 8388607)
 149 named destinations out of 1000 (max. 500000)
 269 words of extra memory for PDF output out of 10000 (max. 10000000)

